Arguments: 
  /usr/bin/node /usr/bin/yarn

PATH: 
  /home/vagrant/.composer/vendor/bin:/usr/local/sbin:/usr/local/bin:/usr/sbin:/usr/bin:/sbin:/bin:/usr/games:/usr/local/games:/snap/bin

Yarn version: 
  1.15.2

Node version: 
  10.15.3

Platform: 
  linux x64

Trace: 
  Error: EPROTO: protocol error, symlink '../../../babylon/bin/babylon.js' -> '/home/vagrant/workspace/larabbs-weapp/node_modules/babel-core/node_modules/.bin/babylon'

npm manifest: 
  {
    "name": "larabbs-weapp",
    "version": "0.0.2",
    "description": "A WePY project",
    "main": "dist/app.js",
    "scripts": {
      "dev": "wepy build --watch",
      "build": "cross-env NODE_ENV=production wepy build --no-cache",
      "dev:web": "wepy build --output web",
      "clean": "find ./dist -maxdepth 1 -not -name 'project.config.json' -not -name 'dist' | xargs rm -rf",
      "test": "echo \"Error: no test specified\" && exit 1"
    },
    "wepy": {
      "module-a": false,
      "./src/components/list": "./src/components/wepy-list.wpy"
    },
    "author": "jzb1006",
    "license": "MIT",
    "dependencies": {
      "redux": "^3.7.2",
      "redux-actions": "^2.2.1",
      "redux-promise": "^0.5.3",
      "wepy-redux": "^1.5.3",
      "wepy": "^1.6.0",
      "wepy-async-function": "^1.4.4",
      "wepy-com-toast": "^1.0.2"
    },
    "devDependencies": {
      "babel-eslint": "^7.2.1",
      "babel-plugin-transform-class-properties": "^6.24.1",
      "babel-plugin-transform-decorators-legacy": "^1.3.4",
      "babel-plugin-transform-export-extensions": "^6.22.0",
      "babel-plugin-transform-object-rest-spread": "^6.26.0",
      "babel-preset-env": "^1.6.1",
      "cross-env": "^5.1.3",
      "less": "^3.8.1",
      "wepy-compiler-babel": "^1.5.1",
      "wepy-compiler-less": "^1.3.10"
    }
  }

yarn manifest: 
  No manifest

Lockfile: 
  No lockfile
